R version 3.2.2 (2015-08-14)
Platform: x86_64-pc-linux-gnu (64-bit)
Running under: Ubuntu 14.04.4 LTS

locale:
 [1] LC_CTYPE=en_US.UTF-8       LC_NUMERIC=C              
 [3] LC_TIME=en_US.UTF-8        LC_COLLATE=en_US.UTF-8    
 [5] LC_MONETARY=en_US.UTF-8    LC_MESSAGES=en_US.UTF-8   
 [7] LC_PAPER=en_US.UTF-8       LC_NAME=C                 
 [9] LC_ADDRESS=C               LC_TELEPHONE=C            
[11] LC_MEASUREMENT=en_US.UTF-8 LC_IDENTIFICATION=C       

attached base packages:
[1] stats4    parallel  stats     graphics  grDevices utils     datasets 
[8] methods   base     

other attached packages:
 [1] DESeq2_1.6.3              RcppArmadillo_0.4.600.4.0
 [3] Rcpp_0.11.4               GenomicRanges_1.18.4     
 [5] GenomeInfoDb_1.2.4        IRanges_2.0.1            
 [7] S4Vectors_0.4.0           DESeq_1.18.0             
 [9] lattice_0.20-30           locfit_1.5-9.1           
[11] Biobase_2.26.0            BiocGenerics_0.12.1      
[13] edgeR_3.8.5               limma_3.22.5             
[15] FactoMineR_1.29          

loaded via a namespace (and not attached):
 [1] digest_0.6.8         foreach_1.4.2        plyr_1.8.1          
 [4] acepack_1.3-3.3      BatchJobs_1.5        RSQLite_1.0.0       
 [7] ggplot2_1.0.0        minqa_1.2.4          annotate_1.44.0     
[10] SparseM_1.6          car_2.0-24           nloptr_1.0.4        
[13] rpart_4.1-9          Matrix_1.1-5         checkmate_1.5.1     
[16] proto_0.3-10         splines_3.2.2        lme4_1.1-7          
[19] BiocParallel_1.0.3   foreign_0.8-63       geneplotter_1.44.0  
[22] stringr_1.0.0        munsell_0.4.2        sendmailR_1.2-1     
[25] base64enc_0.1-2      mgcv_1.8-4           BBmisc_1.9          
[28] nnet_7.3-9           fail_1.2             flashClust_1.01-2   
[31] Hmisc_3.15-0         codetools_0.2-10     XML_3.98-1.1        
[34] MASS_7.3-39          leaps_2.9            grid_3.2.2          
[37] nlme_3.1-120         xtable_1.7-4         gtable_0.1.2        
[40] DBI_0.3.1            magrittr_1.5         scales_0.2.4        
[43] stringi_0.5-5        XVector_0.6.0        reshape2_1.4.1      
[46] genefilter_1.48.1    scatterplot3d_0.3-35 latticeExtra_0.6-26 
[49] brew_1.0-6           Formula_1.2-0        RColorBrewer_1.1-2  
[52] iterators_1.0.7      tools_3.2.2          pbkrtest_0.4-2      
[55] survival_2.38-1      AnnotationDbi_1.28.1 colorspace_1.2-4    
[58] cluster_2.0.1        quantreg_5.11       
